<mxfile userAgent="Mozilla/5.0 (Windows NT 10.0; Win64; x64) AppleWebKit/537.36 (KHTML, like Gecko) Chrome/59.0.3071.115 Safari/537.36" version="6.8.15" editor="www.draw.io" type="github"><diagram id="7b101f56-4569-e387-7dc8-6d44c4fe0e83" name="Page-1">7Zzdc6M2EMD/Gh5zw6eBx7OTtA9p5+bSmbZPGRlkrEYgV8hxfH99JSzhD4mEJECuM8pkElgEZve3knZXSpxgUT7/QsFm/RvJIXZ8N392gmvH973Qn/FfQrI/SOIwOggKinLZ6Ci4Rz+gFLpSukU5rM8aMkIwQ5tzYUaqCmbsTAYoJbvzZiuCzz91AwqoCe4zgHXpnyhn64M08eOj/FeIirX6ZG+WHq4sQfZYULKt5Oc5frBqvg6XS6CeJRWt1yAnuxNRcOMEC0oIOxyVzwuIhW2V2Q733XZcbd+bwor1uSGQoJ4A3kL1ys2Lsb0yhtBnI5tByuCzCQFYquau/g5eqxn3GEhKyOieN1EPmslbpLMEsTTm7mj6ts36xOx+KIVA4i7aZx9V5gdS6w4LRFNY4GDnThNc+ecmuEqmtEA4iQUiswWmUTGYRMXwE1X09Z58z+iWD4582KmLnGoK1ztUYlDxs/mKVOxeXvH4OcCoqPhxxnWDlAuERRAfH7/KC4xsuDRbI5zfgT3ZCk1qxgc/dTZfE4p+8McCLJ/JL1Mmh3r+sqct7sWdXOxyKYU1b/NNmdVrRXegZrJNRjAGmxot2xcuAS1QNSeMkVI2UurdIowXBBPaaK2GY/E+lDzCkyvLJAojt72iBn5f2OfiGUkGs4zLO93lDaOfezn6RT37fuAP4DWx5jXcWR4qUELNX7iOzGS3WZbA5Uq3Ug5gsspOvAnDFev0pXoDMlQVd02b6/Ao+S5VFiLC713hZsJcozyHlfAOwoDql4LehqCKNSaJ5vybW27hfomciL/Sgp97x3P+LZpTtiAV1wqghhjkfraDNTM6Qi/gfsdgvz/vqa8Cng3AN+3ki7n1xEcEntsodnLYE3wep0vXNXSPFZxlFrwGPvL7gQ+GmPFcI3hEnizekfAmU+L1uvA23dqO3KMQ9rwpEftGxDwQ5brh3ozd5uuCcUWasM/iPccbTonXHHlJvG/pxZZwf8LxhIRDvbIgCK8wKGoLd4S42p0QbhJoCGFeQJVEc+XXpCAVwDdH6bwpDMJcGnTNSpUbcxXp/i9+cuV+cd2ZkvwtWn5xZ6kSfIMU8VcVKXnziH8gY3uZU4MtIwJl+8l3RDiAzL3NBhev3GluKarJlmaylUoXeSpfQNks7qh6UIgBQ0/nz/+QyXtX6gwha5Y1IavWv4JZkAb5Sx748QJneFngVI9+zVG9QTy1d3lvcrMl76wJDmKXWLdLWzCrSfYI8pw+VHqgZctmHTPUy2UzOWf1GuiTdxZSh/ELPTCr8MMG5HbOfsec3TU7fEItLNbnDw52BUqE95bt8Gz7lrv8cIBJTq+HiE6LbKcdAWw8YadVRbVzsE28YpOoEdh6fZOoQeC+sGaJuDkzG3y9Eny1cfjra5Yqlu/lJS8nNEFyntBEiWHNMjQFaOkQCY0eoHFneViCuv+apR0RTqLtty9XmtgOMiDoy5UCra2GjkLWFKCNRVZ1fNtpJ0EbGzaQjYZWj71tpx2NrOeGE6LVo2/ba0dkq+pXk7DV90Tabjse2qhnGBUMUA1JQw3haItT8U+zOKU6z+niVBeVwRenUr242KayFS7rYm134P6k2ezsYvN9lBpGYfMO3AGy2VSvgTT+Ygfidw7Eacei4iesOKR6Ontgy/YbG0CNALf3ksMAcNuN+xpdu8NnJLymrHY8vKYlJYG3hv9auMPDNSa249E1rSsJunbNcBy6ptR2PLqGv/e7mTnzmZMk4iDxnK+3zk3ozK+dVN/J18W7jU8votEsh8tk2SdqLznAJtv6f5A/zUpceX572DARXP/Bsz0+zbm/wx3/+Z2UoFK3HHIMLxnKeUzJs8l54gGS53YcGjh7NiXPYTJ88vxuRm/NtxPDZtAukB/Nt/np8Y/im2sn/3kguPkP</diagram></mxfile>